<?xml version="1.0" encoding="utf-8"?><testsuites name="pytest tests"><testsuite name="pytest" errors="0" failures="0" skipped="0" tests="2" time="2.563" timestamp="2026-08-15T14:50:19.644950+00:00" hostname="agent-env-0f16277d-7733-44b0-ab2b-77a1d6b26384"><testcase classname="tests.test_library.TestLibrary" name="test_library_complete_and_serializable" time="1.204" /><testcase classname="tests.test_library.TestLibrary" name="test_stage_and_subject_filters" time="0.490" /></testsuite></testsuites>