<?xml version="1.0" encoding="utf-8"?><testsuites name="pytest tests"><testsuite name="pytest" errors="0" failures="1" skipped="0" tests="17" time="46.798" timestamp="2026-08-15T23:36:42.517184+00:00" hostname="agent-env-0f16277d-7733-44b0-ab2b-77a1d6b26384"><testcase classname="tests.backend_test.TestAIEndpoints" name="test_diagnostic_returns_plan_text" time="8.030" /><testcase classname="tests.backend_test.TestCoreAndProfile" name="test_root" time="0.464" /><testcase classname="tests.backend_test.TestCoreAndProfile" name="test_profile_get_persists_fields" time="0.046" /><testcase classname="tests.backend_test.TestCoreAndProfile" name="test_profile_missing_returns_404" time="0.048" /><testcase classname="tests.backend_test.TestCoreAndProfile" name="test_library_has_27_plus_items_and_filters" time="0.089" /><testcase classname="tests.backend_test.TestCoreAndProfile" name="test_audio_endpoint_exists_and_validates_empty_payload" time="0.046" /><testcase classname="tests.backend_test.TestStudyUpload" name="test_upload_download_list_and_delete" time="0.657" /><testcase classname="tests.backend_test.TestStudyUpload" name="test_upload_rejects_unsupported_file" time="0.044" /><testcase classname="tests.backend_test.TestProductivityCrud" name="test_planner_crud_and_checklist_progress_data" time="0.271" /><testcase classname="tests.backend_test.TestProductivityCrud" name="test_radar_new_topic_is_due_then_review_moves_it" time="0.136"><failure message="AssertionError: A newly added topic must persist in HOJE NO RADAR&#10;assert False is True">backend/tests/backend_test.py:209: in test_radar_new_topic_is_due_then_review_moves_it
    assert persisted["is_due"] is True, "A newly added topic must persist in HOJE NO RADAR"
E   AssertionError: A newly added topic must persist in HOJE NO RADAR
E   assert False is True</failure></testcase><testcase classname="tests.test_library.TestLibrary" name="test_library_complete_and_serializable" time="0.118" /><testcase classname="tests.test_library.TestLibrary" name="test_stage_and_subject_filters" time="0.377" /><testcase classname="tests.backend_test.TestAIEndpoints" name="test_questions_returns_four_alternatives" time="7.764" /><testcase classname="tests.backend_test.TestAIEndpoints" name="test_flashcards_and_mindmap_return_content" time="7.088" /><testcase classname="tests.backend_test.TestAIEndpoints" name="test_feynman_feedback_metaphor_and_pitfalls" time="16.478" /><testcase classname="tests.backend_test.TestAIEndpoints" name="test_duel_returns_questions_with_four_options" time="4.557" /><testcase classname="tests.backend_test.TestAIEndpoints" name="test_correction_vision_returns_text" time="2.303" /></testsuite></testsuites>